
Started Import Process
# System Details: 
Debug Mode 		: Disabled
Operating System 	: Darwin
Software 		: PHP/8.4.13 (Development Server)
MySQL version 		: 9.5.0
XML Reader 		: Yes
PHP Version 		: 8.4.13
PHP Max Input Vars 	: 1000
PHP Max Post Size 	: 8M
PHP Extension GD 	: Yes
PHP Max Execution Time 	: 30
Max Upload Size 	: 2 MB
Memory Limit 		: Current memory limit 40M. We recommend setting memory to at least 64M.
Timezone 		: 0

-----

Importing Started! - 18:57:39 UTC
---

WHY IMPORT PROCESS CAN FAIL? READ THIS - 
https://wpastra.com/docs/?p=1314&utm_source=demo-import-panel&utm_campaign=import-error&utm_medium=wp-dashboard

---

Started Import Process
# System Details: 
Debug Mode 		: Disabled
Operating System 	: Darwin
Software 		: PHP/8.4.13 (Development Server)
MySQL version 		: 9.5.0
XML Reader 		: Yes
PHP Version 		: 8.4.13
PHP Max Input Vars 	: 1000
PHP Max Post Size 	: 8M
PHP Extension GD 	: Yes
PHP Max Execution Time 	: 30
Max Upload Size 	: 2 MB
Memory Limit 		: Current memory limit 40M. We recommend setting memory to at least 64M.
Timezone 		: 0

-----

Importing Started! - 18:57:53 UTC
---

WHY IMPORT PROCESS CAN FAIL? READ THIS - 
https://wpastra.com/docs/?p=1314&utm_source=demo-import-panel&utm_campaign=import-error&utm_medium=wp-dashboard

---

Started Import Process
# System Details: 
Debug Mode 		: Disabled
Operating System 	: Darwin
Software 		: PHP/8.4.13 (Development Server)
MySQL version 		: 9.5.0
XML Reader 		: Yes
PHP Version 		: 8.4.13
PHP Max Input Vars 	: 1000
PHP Max Post Size 	: 8M
PHP Extension GD 	: Yes
PHP Max Execution Time 	: 30
Max Upload Size 	: 2 MB
Memory Limit 		: Current memory limit 40M. We recommend setting memory to at least 64M.
Timezone 		: 0

-----

Importing Started! - 18:58:13 UTC
---

WHY IMPORT PROCESS CAN FAIL? READ THIS - 
https://wpastra.com/docs/?p=1314&utm_source=demo-import-panel&utm_campaign=import-error&utm_medium=wp-dashboard

---

Started Import Process
# System Details: 
Debug Mode 		: Disabled
Operating System 	: Darwin
Software 		: PHP/8.4.13 (Development Server)
MySQL version 		: 9.5.0
XML Reader 		: Yes
PHP Version 		: 8.4.13
PHP Max Input Vars 	: 1000
PHP Max Post Size 	: 8M
PHP Extension GD 	: Yes
PHP Max Execution Time 	: 30
Max Upload Size 	: 2 MB
Memory Limit 		: Current memory limit 40M. We recommend setting memory to at least 64M.
Timezone 		: 0

-----

Importing Started! - 19:06:46 UTC
---

WHY IMPORT PROCESS CAN FAIL? READ THIS - 
https://wpastra.com/docs/?p=1314&utm_source=demo-import-panel&utm_campaign=import-error&utm_medium=wp-dashboard

---
